  RoBot.cpp
d:\hoangnam\computer graphics\code\robot\robot\robot.cpp(246): warning C4244: 'argument': conversion from 'double' to 'GLfloat', possible loss of data
d:\hoangnam\computer graphics\code\robot\robot\robot.cpp(251): warning C4305: 'argument': truncation from 'double' to 'GLfloat'
d:\hoangnam\computer graphics\code\robot\robot\robot.cpp(265): warning C4305: '+=': truncation from 'double' to 'GLfloat'
d:\hoangnam\computer graphics\code\robot\robot\robot.cpp(266): warning C4305: '+=': truncation from 'double' to 'GLfloat'
d:\hoangnam\computer graphics\code\robot\robot\robot.cpp(267): warning C4305: '-=': truncation from 'double' to 'GLfloat'
d:\hoangnam\computer graphics\code\robot\robot\robot.cpp(293): warning C4305: '+=': truncation from 'double' to 'GLfloat'
d:\hoangnam\computer graphics\code\robot\robot\robot.cpp(294): warning C4305: '-=': truncation from 'double' to 'GLfloat'
d:\hoangnam\computer graphics\code\robot\robot\robot.cpp(301): warning C4305: 'argument': truncation from 'double' to 'GLfloat'
d:\hoangnam\computer graphics\code\robot\robot\robot.cpp(310): warning C4305: 'argument': truncation from 'double' to 'GLfloat'
d:\hoangnam\computer graphics\code\robot\robot\robot.cpp(319): warning C4305: '+=': truncation from 'double' to 'GLfloat'
d:\hoangnam\computer graphics\code\robot\robot\robot.cpp(320): warning C4305: '-=': truncation from 'double' to 'GLfloat'
d:\hoangnam\computer graphics\code\robot\robot\robot.cpp(321): warning C4305: '+=': truncation from 'double' to 'GLfloat'
d:\hoangnam\computer graphics\code\robot\robot\robot.cpp(322): warning C4305: '-=': truncation from 'double' to 'GLfloat'
d:\hoangnam\computer graphics\code\robot\robot\robot.cpp(323): warning C4305: '-=': truncation from 'double' to 'GLfloat'
d:\hoangnam\computer graphics\code\robot\robot\robot.cpp(324): warning C4305: '+=': truncation from 'double' to 'GLfloat'
d:\hoangnam\computer graphics\code\robot\robot\robot.cpp(325): warning C4305: '+=': truncation from 'double' to 'GLfloat'
d:\hoangnam\computer graphics\code\robot\robot\robot.cpp(326): warning C4305: '-=': truncation from 'double' to 'GLfloat'
d:\hoangnam\computer graphics\code\robot\robot\robot.cpp(334): warning C4305: 'argument': truncation from 'double' to 'GLfloat'
d:\hoangnam\computer graphics\code\robot\robot\robot.cpp(339): warning C4305: 'argument': truncation from 'double' to 'GLfloat'
d:\hoangnam\computer graphics\code\robot\robot\robot.cpp(344): warning C4244: 'argument': conversion from 'double' to 'GLfloat', possible loss of data
d:\hoangnam\computer graphics\code\robot\robot\robot.cpp(372): warning C4305: '+=': truncation from 'double' to 'GLfloat'
d:\hoangnam\computer graphics\code\robot\robot\robot.cpp(373): warning C4305: '-=': truncation from 'double' to 'GLfloat'
d:\hoangnam\computer graphics\code\robot\robot\robot.cpp(374): warning C4305: '+=': truncation from 'double' to 'GLfloat'
d:\hoangnam\computer graphics\code\robot\robot\robot.cpp(375): warning C4305: '-=': truncation from 'double' to 'GLfloat'
d:\hoangnam\computer graphics\code\robot\robot\robot.cpp(376): warning C4305: '-=': truncation from 'double' to 'GLfloat'
d:\hoangnam\computer graphics\code\robot\robot\robot.cpp(377): warning C4305: '+=': truncation from 'double' to 'GLfloat'
d:\hoangnam\computer graphics\code\robot\robot\robot.cpp(378): warning C4305: '+=': truncation from 'double' to 'GLfloat'
d:\hoangnam\computer graphics\code\robot\robot\robot.cpp(379): warning C4305: '-=': truncation from 'double' to 'GLfloat'
d:\hoangnam\computer graphics\code\robot\robot\robot.cpp(407): warning C4305: 'argument': truncation from 'double' to 'GLfloat'
d:\hoangnam\computer graphics\code\robot\robot\robot.cpp(412): warning C4305: 'argument': truncation from 'double' to 'GLfloat'
d:\hoangnam\computer graphics\code\robot\robot\robot.cpp(417): warning C4305: 'argument': truncation from 'double' to 'GLfloat'
d:\hoangnam\computer graphics\code\robot\robot\robot.cpp(422): warning C4305: 'argument': truncation from 'double' to 'GLfloat'
d:\hoangnam\computer graphics\code\robot\robot\robot.cpp(427): warning C4244: 'argument': conversion from 'double' to 'GLfloat', possible loss of data
d:\hoangnam\computer graphics\code\robot\robot\robot.cpp(446): warning C4305: '-=': truncation from 'double' to 'GLfloat'
d:\hoangnam\computer graphics\code\robot\robot\robot.cpp(447): warning C4305: '-=': truncation from 'double' to 'GLfloat'
d:\hoangnam\computer graphics\code\robot\robot\robot.cpp(448): warning C4305: '+=': truncation from 'double' to 'GLfloat'
d:\hoangnam\computer graphics\code\robot\robot\robot.cpp(478): warning C4305: '-=': truncation from 'double' to 'GLfloat'
d:\hoangnam\computer graphics\code\robot\robot\robot.cpp(479): warning C4305: '+=': truncation from 'double' to 'GLfloat'
d:\hoangnam\computer graphics\code\robot\robot\robot.cpp(486): warning C4305: 'argument': truncation from 'double' to 'GLfloat'
d:\hoangnam\computer graphics\code\robot\robot\robot.cpp(491): warning C4305: 'argument': truncation from 'double' to 'GLfloat'
d:\hoangnam\computer graphics\code\robot\robot\robot.cpp(496): warning C4244: 'argument': conversion from 'double' to 'GLfloat', possible loss of data
d:\hoangnam\computer graphics\code\robot\robot\robot.cpp(511): warning C4305: '-=': truncation from 'double' to 'GLfloat'
d:\hoangnam\computer graphics\code\robot\robot\robot.cpp(512): warning C4305: '+=': truncation from 'double' to 'GLfloat'
d:\hoangnam\computer graphics\code\robot\robot\robot.cpp(513): warning C4305: '-=': truncation from 'double' to 'GLfloat'
d:\hoangnam\computer graphics\code\robot\robot\robot.cpp(514): warning C4305: '+=': truncation from 'double' to 'GLfloat'
d:\hoangnam\computer graphics\code\robot\robot\robot.cpp(515): warning C4305: '+=': truncation from 'double' to 'GLfloat'
d:\hoangnam\computer graphics\code\robot\robot\robot.cpp(516): warning C4305: '-=': truncation from 'double' to 'GLfloat'
d:\hoangnam\computer graphics\code\robot\robot\robot.cpp(517): warning C4305: '-=': truncation from 'double' to 'GLfloat'
d:\hoangnam\computer graphics\code\robot\robot\robot.cpp(518): warning C4305: '+=': truncation from 'double' to 'GLfloat'
d:\hoangnam\computer graphics\code\robot\robot\robot.cpp(526): warning C4305: 'argument': truncation from 'double' to 'GLfloat'
d:\hoangnam\computer graphics\code\robot\robot\robot.cpp(531): warning C4305: 'argument': truncation from 'double' to 'GLfloat'
d:\hoangnam\computer graphics\code\robot\robot\robot.cpp(536): warning C4244: 'argument': conversion from 'double' to 'GLfloat', possible loss of data
d:\hoangnam\computer graphics\code\robot\robot\robot.cpp(568): warning C4305: '-=': truncation from 'double' to 'GLfloat'
d:\hoangnam\computer graphics\code\robot\robot\robot.cpp(569): warning C4305: '+=': truncation from 'double' to 'GLfloat'
d:\hoangnam\computer graphics\code\robot\robot\robot.cpp(570): warning C4305: '-=': truncation from 'double' to 'GLfloat'
d:\hoangnam\computer graphics\code\robot\robot\robot.cpp(571): warning C4305: '+=': truncation from 'double' to 'GLfloat'
d:\hoangnam\computer graphics\code\robot\robot\robot.cpp(572): warning C4305: '+=': truncation from 'double' to 'GLfloat'
d:\hoangnam\computer graphics\code\robot\robot\robot.cpp(573): warning C4305: '-=': truncation from 'double' to 'GLfloat'
d:\hoangnam\computer graphics\code\robot\robot\robot.cpp(574): warning C4305: '-=': truncation from 'double' to 'GLfloat'
d:\hoangnam\computer graphics\code\robot\robot\robot.cpp(575): warning C4305: '+=': truncation from 'double' to 'GLfloat'
d:\hoangnam\computer graphics\code\robot\robot\robot.cpp(603): warning C4305: 'argument': truncation from 'double' to 'GLfloat'
d:\hoangnam\computer graphics\code\robot\robot\robot.cpp(608): warning C4305: 'argument': truncation from 'double' to 'GLfloat'
d:\hoangnam\computer graphics\code\robot\robot\robot.cpp(613): warning C4305: 'argument': truncation from 'double' to 'GLfloat'
d:\hoangnam\computer graphics\code\robot\robot\robot.cpp(618): warning C4305: 'argument': truncation from 'double' to 'GLfloat'
d:\hoangnam\computer graphics\code\robot\robot\robot.cpp(623): warning C4244: 'argument': conversion from 'double' to 'GLfloat', possible loss of data
d:\hoangnam\computer graphics\code\robot\robot\robot.cpp(751): warning C4305: 'argument': truncation from 'double' to 'GLfloat'
d:\hoangnam\computer graphics\code\robot\robot\robot.cpp(758): warning C4305: 'argument': truncation from 'double' to 'GLfloat'
d:\hoangnam\computer graphics\code\robot\robot\robot.cpp(805): warning C4305: 'argument': truncation from 'double' to 'GLfloat'
d:\hoangnam\computer graphics\code\robot\robot\robot.cpp(813): warning C4305: 'argument': truncation from 'double' to 'GLfloat'
d:\hoangnam\computer graphics\code\robot\robot\robot.cpp(821): warning C4305: 'argument': truncation from 'double' to 'GLfloat'
d:\hoangnam\computer graphics\code\robot\robot\robot.cpp(829): warning C4305: 'argument': truncation from 'double' to 'GLfloat'
d:\hoangnam\computer graphics\code\robot\robot\robot.cpp(859): warning C4305: 'argument': truncation from 'double' to 'GLfloat'
d:\hoangnam\computer graphics\code\robot\robot\robot.cpp(882): warning C4305: 'argument': truncation from 'double' to 'GLfloat'
  RoBot.vcxproj -> D:\HoangNam\Computer Graphics\Code\RoBot\x64\Debug\RoBot.exe
