  RoBot.cpp
d:\hoangnam\computer graphics\code\robot\robot\robot.cpp(253): warning C4244: 'argument': conversion from 'double' to 'GLfloat', possible loss of data
d:\hoangnam\computer graphics\code\robot\robot\robot.cpp(258): warning C4305: 'argument': truncation from 'double' to 'GLfloat'
d:\hoangnam\computer graphics\code\robot\robot\robot.cpp(272): warning C4305: '+=': truncation from 'double' to 'GLfloat'
d:\hoangnam\computer graphics\code\robot\robot\robot.cpp(273): warning C4305: '+=': truncation from 'double' to 'GLfloat'
d:\hoangnam\computer graphics\code\robot\robot\robot.cpp(274): warning C4305: '-=': truncation from 'double' to 'GLfloat'
d:\hoangnam\computer graphics\code\robot\robot\robot.cpp(300): warning C4305: '+=': truncation from 'double' to 'GLfloat'
d:\hoangnam\computer graphics\code\robot\robot\robot.cpp(301): warning C4305: '-=': truncation from 'double' to 'GLfloat'
d:\hoangnam\computer graphics\code\robot\robot\robot.cpp(308): warning C4305: 'argument': truncation from 'double' to 'GLfloat'
d:\hoangnam\computer graphics\code\robot\robot\robot.cpp(317): warning C4305: 'argument': truncation from 'double' to 'GLfloat'
d:\hoangnam\computer graphics\code\robot\robot\robot.cpp(326): warning C4305: '+=': truncation from 'double' to 'GLfloat'
d:\hoangnam\computer graphics\code\robot\robot\robot.cpp(327): warning C4305: '-=': truncation from 'double' to 'GLfloat'
d:\hoangnam\computer graphics\code\robot\robot\robot.cpp(328): warning C4305: '+=': truncation from 'double' to 'GLfloat'
d:\hoangnam\computer graphics\code\robot\robot\robot.cpp(329): warning C4305: '-=': truncation from 'double' to 'GLfloat'
d:\hoangnam\computer graphics\code\robot\robot\robot.cpp(330): warning C4305: '-=': truncation from 'double' to 'GLfloat'
d:\hoangnam\computer graphics\code\robot\robot\robot.cpp(331): warning C4305: '+=': truncation from 'double' to 'GLfloat'
d:\hoangnam\computer graphics\code\robot\robot\robot.cpp(332): warning C4305: '+=': truncation from 'double' to 'GLfloat'
d:\hoangnam\computer graphics\code\robot\robot\robot.cpp(333): warning C4305: '-=': truncation from 'double' to 'GLfloat'
d:\hoangnam\computer graphics\code\robot\robot\robot.cpp(341): warning C4305: 'argument': truncation from 'double' to 'GLfloat'
d:\hoangnam\computer graphics\code\robot\robot\robot.cpp(346): warning C4305: 'argument': truncation from 'double' to 'GLfloat'
d:\hoangnam\computer graphics\code\robot\robot\robot.cpp(351): warning C4244: 'argument': conversion from 'double' to 'GLfloat', possible loss of data
d:\hoangnam\computer graphics\code\robot\robot\robot.cpp(379): warning C4305: '+=': truncation from 'double' to 'GLfloat'
d:\hoangnam\computer graphics\code\robot\robot\robot.cpp(380): warning C4305: '-=': truncation from 'double' to 'GLfloat'
d:\hoangnam\computer graphics\code\robot\robot\robot.cpp(381): warning C4305: '+=': truncation from 'double' to 'GLfloat'
d:\hoangnam\computer graphics\code\robot\robot\robot.cpp(382): warning C4305: '-=': truncation from 'double' to 'GLfloat'
d:\hoangnam\computer graphics\code\robot\robot\robot.cpp(383): warning C4305: '-=': truncation from 'double' to 'GLfloat'
d:\hoangnam\computer graphics\code\robot\robot\robot.cpp(384): warning C4305: '+=': truncation from 'double' to 'GLfloat'
d:\hoangnam\computer graphics\code\robot\robot\robot.cpp(385): warning C4305: '+=': truncation from 'double' to 'GLfloat'
d:\hoangnam\computer graphics\code\robot\robot\robot.cpp(386): warning C4305: '-=': truncation from 'double' to 'GLfloat'
d:\hoangnam\computer graphics\code\robot\robot\robot.cpp(414): warning C4305: 'argument': truncation from 'double' to 'GLfloat'
d:\hoangnam\computer graphics\code\robot\robot\robot.cpp(419): warning C4305: 'argument': truncation from 'double' to 'GLfloat'
d:\hoangnam\computer graphics\code\robot\robot\robot.cpp(424): warning C4305: 'argument': truncation from 'double' to 'GLfloat'
d:\hoangnam\computer graphics\code\robot\robot\robot.cpp(429): warning C4305: 'argument': truncation from 'double' to 'GLfloat'
d:\hoangnam\computer graphics\code\robot\robot\robot.cpp(434): warning C4244: 'argument': conversion from 'double' to 'GLfloat', possible loss of data
d:\hoangnam\computer graphics\code\robot\robot\robot.cpp(453): warning C4305: '-=': truncation from 'double' to 'GLfloat'
d:\hoangnam\computer graphics\code\robot\robot\robot.cpp(454): warning C4305: '-=': truncation from 'double' to 'GLfloat'
d:\hoangnam\computer graphics\code\robot\robot\robot.cpp(455): warning C4305: '+=': truncation from 'double' to 'GLfloat'
d:\hoangnam\computer graphics\code\robot\robot\robot.cpp(485): warning C4305: '-=': truncation from 'double' to 'GLfloat'
d:\hoangnam\computer graphics\code\robot\robot\robot.cpp(486): warning C4305: '+=': truncation from 'double' to 'GLfloat'
d:\hoangnam\computer graphics\code\robot\robot\robot.cpp(493): warning C4305: 'argument': truncation from 'double' to 'GLfloat'
d:\hoangnam\computer graphics\code\robot\robot\robot.cpp(498): warning C4305: 'argument': truncation from 'double' to 'GLfloat'
d:\hoangnam\computer graphics\code\robot\robot\robot.cpp(503): warning C4244: 'argument': conversion from 'double' to 'GLfloat', possible loss of data
d:\hoangnam\computer graphics\code\robot\robot\robot.cpp(518): warning C4305: '-=': truncation from 'double' to 'GLfloat'
d:\hoangnam\computer graphics\code\robot\robot\robot.cpp(519): warning C4305: '+=': truncation from 'double' to 'GLfloat'
d:\hoangnam\computer graphics\code\robot\robot\robot.cpp(520): warning C4305: '-=': truncation from 'double' to 'GLfloat'
d:\hoangnam\computer graphics\code\robot\robot\robot.cpp(521): warning C4305: '+=': truncation from 'double' to 'GLfloat'
d:\hoangnam\computer graphics\code\robot\robot\robot.cpp(522): warning C4305: '+=': truncation from 'double' to 'GLfloat'
d:\hoangnam\computer graphics\code\robot\robot\robot.cpp(523): warning C4305: '-=': truncation from 'double' to 'GLfloat'
d:\hoangnam\computer graphics\code\robot\robot\robot.cpp(524): warning C4305: '-=': truncation from 'double' to 'GLfloat'
d:\hoangnam\computer graphics\code\robot\robot\robot.cpp(525): warning C4305: '+=': truncation from 'double' to 'GLfloat'
d:\hoangnam\computer graphics\code\robot\robot\robot.cpp(533): warning C4305: 'argument': truncation from 'double' to 'GLfloat'
d:\hoangnam\computer graphics\code\robot\robot\robot.cpp(538): warning C4305: 'argument': truncation from 'double' to 'GLfloat'
d:\hoangnam\computer graphics\code\robot\robot\robot.cpp(543): warning C4244: 'argument': conversion from 'double' to 'GLfloat', possible loss of data
d:\hoangnam\computer graphics\code\robot\robot\robot.cpp(575): warning C4305: '-=': truncation from 'double' to 'GLfloat'
d:\hoangnam\computer graphics\code\robot\robot\robot.cpp(576): warning C4305: '+=': truncation from 'double' to 'GLfloat'
d:\hoangnam\computer graphics\code\robot\robot\robot.cpp(577): warning C4305: '-=': truncation from 'double' to 'GLfloat'
d:\hoangnam\computer graphics\code\robot\robot\robot.cpp(578): warning C4305: '+=': truncation from 'double' to 'GLfloat'
d:\hoangnam\computer graphics\code\robot\robot\robot.cpp(579): warning C4305: '+=': truncation from 'double' to 'GLfloat'
d:\hoangnam\computer graphics\code\robot\robot\robot.cpp(580): warning C4305: '-=': truncation from 'double' to 'GLfloat'
d:\hoangnam\computer graphics\code\robot\robot\robot.cpp(581): warning C4305: '-=': truncation from 'double' to 'GLfloat'
d:\hoangnam\computer graphics\code\robot\robot\robot.cpp(582): warning C4305: '+=': truncation from 'double' to 'GLfloat'
d:\hoangnam\computer graphics\code\robot\robot\robot.cpp(610): warning C4305: 'argument': truncation from 'double' to 'GLfloat'
d:\hoangnam\computer graphics\code\robot\robot\robot.cpp(615): warning C4305: 'argument': truncation from 'double' to 'GLfloat'
d:\hoangnam\computer graphics\code\robot\robot\robot.cpp(620): warning C4305: 'argument': truncation from 'double' to 'GLfloat'
d:\hoangnam\computer graphics\code\robot\robot\robot.cpp(625): warning C4305: 'argument': truncation from 'double' to 'GLfloat'
d:\hoangnam\computer graphics\code\robot\robot\robot.cpp(630): warning C4244: 'argument': conversion from 'double' to 'GLfloat', possible loss of data
d:\hoangnam\computer graphics\code\robot\robot\robot.cpp(758): warning C4305: 'argument': truncation from 'double' to 'GLfloat'
d:\hoangnam\computer graphics\code\robot\robot\robot.cpp(765): warning C4305: 'argument': truncation from 'double' to 'GLfloat'
d:\hoangnam\computer graphics\code\robot\robot\robot.cpp(812): warning C4305: 'argument': truncation from 'double' to 'GLfloat'
d:\hoangnam\computer graphics\code\robot\robot\robot.cpp(820): warning C4305: 'argument': truncation from 'double' to 'GLfloat'
d:\hoangnam\computer graphics\code\robot\robot\robot.cpp(828): warning C4305: 'argument': truncation from 'double' to 'GLfloat'
d:\hoangnam\computer graphics\code\robot\robot\robot.cpp(836): warning C4305: 'argument': truncation from 'double' to 'GLfloat'
d:\hoangnam\computer graphics\code\robot\robot\robot.cpp(866): warning C4305: 'argument': truncation from 'double' to 'GLfloat'
d:\hoangnam\computer graphics\code\robot\robot\robot.cpp(889): warning C4305: 'argument': truncation from 'double' to 'GLfloat'
  Generating code
  0 of 32 functions ( 0.0%) were compiled, the rest were copied from previous compilation.
    0 functions were new in current compilation
    0 functions had inline decision re-evaluated but remain unchanged
  Finished generating code
  RoBot.vcxproj -> D:\HoangNam\Computer Graphics\Code\RoBot\x64\Release\RoBot.exe
